<?xml version="1.0" encoding="UTF-8"?>
<!-- Generated by org.testng.reporters.JUnitXMLReporter -->
<testsuite ignored="6" hostname="INHYNUHALDAR01" failures="0" tests="3" name="test1" time="0.05" errors="0" timestamp="2025-01-14T12:56:56 IST">
  <testcase classname="test.day1" name="SecondTest" time="0.009"/>
  <testcase classname="test.day3" name="MobilehomeLoan" time="0.002"/>
  <testcase classname="test.day4" name="carLoanWeb" time="0.001"/>
  <testcase classname="test.day3" name="homeLoanAPI" time="0.0">
    <ignored/>
  </testcase> <!-- homeLoanAPI -->
  <testcase classname="test.day2" name="secondDay" time="0.0">
    <ignored/>
  </testcase> <!-- secondDay -->
  <testcase classname="test.day3" name="homeLoanWeb" time="0.0">
    <ignored/>
  </testcase> <!-- homeLoanWeb -->
  <testcase classname="test.day4" name="carLoanMobile" time="0.0">
    <ignored/>
  </testcase> <!-- carLoanMobile -->
  <testcase classname="test.day4" name="carLoanAPI" time="0.0">
    <ignored/>
  </testcase> <!-- carLoanAPI -->
  <testcase classname="test.day1" name="Demo" time="0.0">
    <ignored/>
  </testcase> <!-- Demo -->
</testsuite> <!-- test1 -->
