<?xml version="1.0" encoding="UTF-8"?>
<!-- Generated by org.testng.reporters.JUnitXMLReporter -->
<testsuite ignored="1" hostname="INHYNUHALDAR01" failures="0" tests="2" name="Home Loan" time="0.007" errors="0" timestamp="2025-01-14T13:27:30 IST">
  <testcase classname="test.day3" name="homeLoanAPI" time="0.001"/>
  <testcase classname="test.day3" name="homeLoanWeb" time="0.001"/>
  <testcase classname="test.day3" name="MobilehomeLoan" time="0.0">
    <ignored/>
  </testcase> <!-- MobilehomeLoan -->
</testsuite> <!-- Home Loan -->
