<?xml version="1.0" encoding="UTF-8"?>
<!-- Generated by org.testng.reporters.JUnitXMLReporter -->
<testsuite ignored="0" hostname="INHYNUHALDAR01" failures="0" tests="9" name="test" time="0.106" errors="0" timestamp="2025-01-13T13:48:18 IST">
  <testcase classname="test.day1" name="Demo" time="0.016"/>
  <testcase classname="test.day1" name="SecondTest" time="0.003"/>
  <testcase classname="test.day2" name="secondDay" time="0.002"/>
  <testcase classname="test.day3" name="MobilehomeLoan" time="0.002"/>
  <testcase classname="test.day3" name="homeLoanAPI" time="0.001"/>
  <testcase classname="test.day3" name="homeLoanWeb" time="0.002"/>
  <testcase classname="test.day4" name="carLoanAPI" time="0.003"/>
  <testcase classname="test.day4" name="carLoanMobile" time="0.002"/>
  <testcase classname="test.day4" name="carLoanWeb" time="0.001"/>
</testsuite> <!-- test -->
